<?xml version="1.0" encoding="UTF-8"?>
<!-- Generated by org.testng.reporters.JUnitReportReporter -->
<testsuite hostname="Prasanths-MacBook-Pro.local" name="gapp.model.dao.UserDaoTest" tests="3" failures="0" timestamp="27 Jan 2016 23:28:04 GMT" time="0.144" errors="0">
  <testcase name="getApplication" time="0.060" classname="gapp.model.dao.UserDaoTest"/>
  <testcase name="getApplicationStatus" time="0.012" classname="gapp.model.dao.UserDaoTest"/>
  <testcase name="getApplications" time="0.072" classname="gapp.model.dao.UserDaoTest"/>
</testsuite> <!-- gapp.model.dao.UserDaoTest -->
