<?xml version="1.0" encoding="UTF-8"?>
<!-- Generated by org.testng.reporters.JUnitReportReporter -->
<testsuite hostname="Prasanths-MacBook-Pro.local" name="gapp.model.dao.DepartmentDaoTest" tests="2" failures="0" timestamp="31 Jan 2016 00:00:39 GMT" time="0.269" errors="0">
  <testcase name="getDepartments" time="0.073" classname="gapp.model.dao.DepartmentDaoTest"/>
  <testcase name="getDepartment" time="0.196" classname="gapp.model.dao.DepartmentDaoTest"/>
</testsuite> <!-- gapp.model.dao.DepartmentDaoTest -->
