<?xml version="1.0" encoding="UTF-8"?>
<!-- Generated by org.testng.reporters.JUnitReportReporter -->
<testsuite hostname="Prasanths-MacBook-Pro.local" name="gapp.model.dao.gappDaoTest" tests="3" failures="0" timestamp="2 Feb 2016 03:22:47 GMT" time="0.341" errors="0">
  <testcase name="getDepartments" time="0.091" classname="gapp.model.dao.gappDaoTest"/>
  <testcase name="getUsers" time="0.025" classname="gapp.model.dao.gappDaoTest"/>
  <testcase name="getDepartment" time="0.225" classname="gapp.model.dao.gappDaoTest"/>
</testsuite> <!-- gapp.model.dao.gappDaoTest -->
