<?xml version="1.0" encoding="UTF-8"?>
<!-- Generated by org.testng.reporters.JUnitReportReporter -->
<testsuite hostname="Prasanths-MacBook-Pro.local" name="gapp.model.dao.gappDaoTest" tests="3" failures="0" timestamp="8 Mar 2016 04:02:02 GMT" time="0.361" errors="0">
  <testcase name="getDepartment" time="0.312" classname="gapp.model.dao.gappDaoTest"/>
  <testcase name="getUsers" time="0.020" classname="gapp.model.dao.gappDaoTest"/>
  <testcase name="getDepartments" time="0.029" classname="gapp.model.dao.gappDaoTest"/>
</testsuite> <!-- gapp.model.dao.gappDaoTest -->
